<?xml version="1.0" encoding="UTF-8"?>
<!-- Generated by org.testng.reporters.JUnitXMLReporter -->
<testsuite ignored="0" hostname="GANESHA" failures="0" tests="3" name="Default test" time="10.639" errors="0" timestamp="2023-03-11T08:29:24 IST">
  <testcase classname="test.StoreTests" name="testPostOrder" time="5.955"/>
  <testcase classname="test.StoreTests" name="testGetOrder" time="1.698"/>
  <testcase classname="test.StoreTests" name="testDeleteOrder" time="1.629"/>
</testsuite> <!-- Default test -->
