<?xml version="1.0" encoding="UTF-8"?>
<!-- Generated by org.testng.reporters.JUnitXMLReporter -->
<testsuite ignored="0" hostname="GANESHA" failures="0" tests="7" name="Test" time="40.152" errors="0" timestamp="2023-06-10T22:12:51 IST">
  <testcase classname="test.UserTests" name="testPostUser" time="5.105"/>
  <testcase classname="test.UserTests" name="testGetUserByName" time="4.632"/>
  <testcase classname="test.UserTests" name="testUpdateUserByName" time="2.123"/>
  <testcase classname="test.UserTests" name="testDeleteUserByName" time="10.84"/>
  <testcase classname="test.StoreTests" name="testPostOrder" time="3.213"/>
  <testcase classname="test.StoreTests" name="testGetOrder" time="5.205"/>
  <testcase classname="test.StoreTests" name="testDeleteOrder" time="7.98"/>
</testsuite> <!-- Test -->
