<?xml version="1.0" encoding="UTF-8"?>
<!-- Generated by org.testng.reporters.JUnitXMLReporter -->
<testsuite ignored="0" hostname="GANESHA" failures="0" tests="7" name="Test" time="19.014" errors="0" timestamp="2023-03-11T08:58:52 IST">
  <testcase classname="test.UserTests" name="testPostUser" time="5.002"/>
  <testcase classname="test.UserTests" name="testGetUserByName" time="1.878"/>
  <testcase classname="test.UserTests" name="testUpdateUserByName" time="3.666"/>
  <testcase classname="test.UserTests" name="testDeleteUserByName" time="2.134"/>
  <testcase classname="test.StoreTests" name="testPostOrder" time="1.81"/>
  <testcase classname="test.StoreTests" name="testGetOrder" time="1.743"/>
  <testcase classname="test.StoreTests" name="testDeleteOrder" time="1.831"/>
</testsuite> <!-- Test -->
