<?xml version="1.0" encoding="UTF-8"?>
<!-- Generated by org.testng.reporters.JUnitXMLReporter -->
<testsuite ignored="0" hostname="GANESHA" failures="1" tests="4" name="Test" time="12.236" errors="0" timestamp="2023-06-04T17:35:51 IST">
  <testcase classname="test.UserTests" name="testPostUser" time="3.658">
    <failure type="java.lang.NullPointerException">
      <![CDATA[java.lang.NullPointerException
at test.UserTests.testPostUser(UserTests.java:76)
at java.base/java.util.ArrayList.forEach(ArrayList.java:1541)
... Removed 31 stack frames]]>
    </failure>
  </testcase> <!-- testPostUser -->
  <testcase classname="test.UserTests" name="testGetUserByName" time="1.847"/>
  <testcase classname="test.UserTests" name="testUpdateUserByName" time="3.912"/>
  <testcase classname="test.UserTests" name="testDeleteUserByName" time="1.753"/>
</testsuite> <!-- Test -->
