<?xml version="1.0" encoding="UTF-8"?>
<!-- Generated by org.testng.reporters.JUnitXMLReporter -->
<testsuite ignored="0" hostname="GANESHA" failures="0" tests="7" name="Test" time="15.909" errors="0" timestamp="2023-03-11T08:59:33 IST">
  <testcase classname="test.UserTests" name="testPostUser" time="3.373"/>
  <testcase classname="test.UserTests" name="testGetUserByName" time="1.598"/>
  <testcase classname="test.UserTests" name="testUpdateUserByName" time="3.594"/>
  <testcase classname="test.UserTests" name="testDeleteUserByName" time="1.735"/>
  <testcase classname="test.StoreTests" name="testPostOrder" time="1.837"/>
  <testcase classname="test.StoreTests" name="testGetOrder" time="1.633"/>
  <testcase classname="test.StoreTests" name="testDeleteOrder" time="1.564"/>
</testsuite> <!-- Test -->
