<?xml version="1.0" encoding="UTF-8"?>
<testng-results ignored="0" total="7" passed="7" failed="0" skipped="0">
  <reporter-output>
  </reporter-output>
  <suite started-at="2023-03-12T14:47:53 IST" name="Suite" finished-at="2023-03-12T14:48:18 IST" duration-ms="24654">
    <groups>
    </groups>
    <test started-at="2023-03-12T14:47:53 IST" name="Test" finished-at="2023-03-12T14:48:18 IST" duration-ms="24654">
      <class name="test.UserTests">
        <test-method is-config="true" signature="setUpData()[pri:0, instance:test.UserTests@41a0aa7d]" started-at="2023-03-12T14:47:54 IST" name="setUpData" finished-at="2023-03-12T14:47:55 IST" duration-ms="1373" status="PASS">
          <reporter-output>
          </reporter-output>
        </test-method> <!-- setUpData -->
        <test-method signature="testPostUser()[pri:0, instance:test.UserTests@41a0aa7d]" started-at="2023-03-12T14:47:55 IST" name="testPostUser" finished-at="2023-03-12T14:48:02 IST" duration-ms="6936" status="PASS">
          <reporter-output>
          </reporter-output>
        </test-method> <!-- testPostUser -->
        <test-method signature="testGetUserByName()[pri:2, instance:test.UserTests@41a0aa7d]" started-at="2023-03-12T14:48:02 IST" name="testGetUserByName" finished-at="2023-03-12T14:48:04 IST" duration-ms="1917" status="PASS">
          <reporter-output>
          </reporter-output>
        </test-method> <!-- testGetUserByName -->
        <test-method signature="testUpdateUserByName()[pri:3, instance:test.UserTests@41a0aa7d]" started-at="2023-03-12T14:48:04 IST" name="testUpdateUserByName" finished-at="2023-03-12T14:48:09 IST" duration-ms="4963" status="PASS">
          <reporter-output>
          </reporter-output>
        </test-method> <!-- testUpdateUserByName -->
        <test-method signature="testDeleteUserByName()[pri:4, instance:test.UserTests@41a0aa7d]" started-at="2023-03-12T14:48:09 IST" name="testDeleteUserByName" finished-at="2023-03-12T14:48:11 IST" duration-ms="2166" status="PASS">
          <reporter-output>
          </reporter-output>
        </test-method> <!-- testDeleteUserByName -->
      </class> <!-- test.UserTests -->
      <class name="test.StoreTests">
        <test-method is-config="true" signature="setData()[pri:0, instance:test.StoreTests@1e6a3214]" started-at="2023-03-12T14:48:11 IST" name="setData" finished-at="2023-03-12T14:48:11 IST" duration-ms="13" status="PASS">
          <reporter-output>
          </reporter-output>
        </test-method> <!-- setData -->
        <test-method signature="testPostOrder()[pri:0, instance:test.StoreTests@1e6a3214]" started-at="2023-03-12T14:48:11 IST" name="testPostOrder" finished-at="2023-03-12T14:48:14 IST" duration-ms="2268" status="PASS">
          <reporter-output>
          </reporter-output>
        </test-method> <!-- testPostOrder -->
        <test-method signature="testGetOrder()[pri:1, instance:test.StoreTests@1e6a3214]" started-at="2023-03-12T14:48:14 IST" name="testGetOrder" finished-at="2023-03-12T14:48:16 IST" depends-on-methods="test.StoreTests.testPostOrder" duration-ms="2473" status="PASS">
          <reporter-output>
          </reporter-output>
        </test-method> <!-- testGetOrder -->
        <test-method signature="testDeleteOrder()[pri:2, instance:test.StoreTests@1e6a3214]" started-at="2023-03-12T14:48:16 IST" name="testDeleteOrder" finished-at="2023-03-12T14:48:18 IST" duration-ms="1888" status="PASS">
          <reporter-output>
          </reporter-output>
        </test-method> <!-- testDeleteOrder -->
      </class> <!-- test.StoreTests -->
    </test> <!-- Test -->
  </suite> <!-- Suite -->
</testng-results>
