<?xml version="1.0" encoding="UTF-8"?>
<testsuite xmlns:xsi="http://www.w3.org/2001/XMLSchema-instance" xsi:noNamespaceSchemaLocation="https://maven.apache.org/surefire/maven-surefire-plugin/xsd/surefire-test-report-3.0.xsd" version="3.0" name="TestSuite" time="16.565" tests="7" errors="0" skipped="0" failures="0">
  <properties>
[...]
</properties>
  <testcase name="testPostUser" classname="test.UserTests" time="3.379">
    <system-out><![CDATA[HTTP/1.1 200 OK
Date: Sat, 11 Mar 2023 03:29:25 GMT
Content-Type: application/json
Transfer-Encoding: chunked
Connection: keep-alive
Access-Control-Allow-Origin: *
Access-Control-Allow-Methods: GET, POST, DELETE, PUT
Access-Control-Allow-Headers: Content-Type, api_key, Authorization
Server: Jetty(9.2.9.v20150224)

{
    "code": 200,
    "type": "unknown",
    "message": "648936749"
}
]]></system-out>
    <system-err><![CDATA[SLF4J: Failed to load class "org.slf4j.impl.StaticLoggerBinder".
SLF4J: Defaulting to no-operation (NOP) logger implementation
SLF4J: See http://www.slf4j.org/codes.html#StaticLoggerBinder for further details.
]]></system-err>
  </testcase>
  <testcase name="testGetUserByName" classname="test.UserTests" time="1.595">
    <system-out><![CDATA[HTTP/1.1 200 OK
Date: Sat, 11 Mar 2023 03:29:26 GMT
Content-Type: application/json
Transfer-Encoding: chunked
Connection: keep-alive
Access-Control-Allow-Origin: *
Access-Control-Allow-Methods: GET, POST, DELETE, PUT
Access-Control-Allow-Headers: Content-Type, api_key, Authorization
Server: Jetty(9.2.9.v20150224)

{
    "id": 648936749,
    "username": "kris.littel",
    "firstName": "Deshawn",
    "lastName": "Kuphal",
    "email": "robin.parisian@example.com",
    "password": "feqfb7qu",
    "phone": "936-863-7383",
    "userStatus": 0
}
]]></system-out>
  </testcase>
  <testcase name="testUpdateUserByName" classname="test.UserTests" time="3.594">
    <system-out><![CDATA[HTTP/1.1 200 OK
Date: Sat, 11 Mar 2023 03:29:28 GMT
Content-Type: application/json
Transfer-Encoding: chunked
Connection: keep-alive
Access-Control-Allow-Origin: *
Access-Control-Allow-Methods: GET, POST, DELETE, PUT
Access-Control-Allow-Headers: Content-Type, api_key, Authorization
Server: Jetty(9.2.9.v20150224)

{
    "code": 200,
    "type": "unknown",
    "message": "648936749"
}
]]></system-out>
  </testcase>
  <testcase name="testDeleteUserByName" classname="test.UserTests" time="1.735"/>
  <testcase name="testPostOrder" classname="test.StoreTests" time="1.839">
    <system-out><![CDATA[HTTP/1.1 200 OK
Date: Sat, 11 Mar 2023 03:29:33 GMT
Content-Type: application/json
Transfer-Encoding: chunked
Connection: keep-alive
Access-Control-Allow-Origin: *
Access-Control-Allow-Methods: GET, POST, DELETE, PUT
Access-Control-Allow-Headers: Content-Type, api_key, Authorization
Server: Jetty(9.2.9.v20150224)

{
    "id": 1122980374,
    "petId": 0,
    "quantity": 6,
    "status": "placed",
    "complete": true
}
]]></system-out>
  </testcase>
  <testcase name="testGetOrder" classname="test.StoreTests" time="1.635">
    <system-out><![CDATA[HTTP/1.1 200 OK
Date: Sat, 11 Mar 2023 03:29:35 GMT
Content-Type: application/json
Transfer-Encoding: chunked
Connection: keep-alive
Access-Control-Allow-Origin: *
Access-Control-Allow-Methods: GET, POST, DELETE, PUT
Access-Control-Allow-Headers: Content-Type, api_key, Authorization
Server: Jetty(9.2.9.v20150224)

{
    "id": 1122980374,
    "petId": 0,
    "quantity": 6,
    "status": "placed",
    "complete": true
}
]]></system-out>
  </testcase>
  <testcase name="testDeleteOrder" classname="test.StoreTests" time="1.564">
    <system-out><![CDATA[HTTP/1.1 200 OK
Date: Sat, 11 Mar 2023 03:29:37 GMT
Content-Type: application/json
Transfer-Encoding: chunked
Connection: keep-alive
Access-Control-Allow-Origin: *
Access-Control-Allow-Methods: GET, POST, DELETE, PUT
Access-Control-Allow-Headers: Content-Type, api_key, Authorization
Server: Jetty(9.2.9.v20150224)

{
    "code": 200,
    "type": "unknown",
    "message": "1122980374"
}
]]></system-out>
  </testcase>
</testsuite>