<?xml version="1.0" encoding="UTF-8"?>
<testng-results ignored="0" total="7" passed="7" failed="0" skipped="0">
  <reporter-output>
  </reporter-output>
  <suite started-at="2023-03-11T08:59:17 IST" name="Suite" finished-at="2023-03-11T08:59:33 IST" duration-ms="15909">
    <groups>
    </groups>
    <test started-at="2023-03-11T08:59:17 IST" name="Test" finished-at="2023-03-11T08:59:33 IST" duration-ms="15909">
      <class name="test.UserTests">
        <test-method is-config="true" signature="setUpData()[pri:0, instance:test.UserTests@e350b40]" started-at="2023-03-11T08:59:17 IST" name="setUpData" finished-at="2023-03-11T08:59:18 IST" duration-ms="518" status="PASS">
          <reporter-output>
          </reporter-output>
        </test-method> <!-- setUpData -->
        <test-method signature="testPostUser()[pri:0, instance:test.UserTests@e350b40]" started-at="2023-03-11T08:59:18 IST" name="testPostUser" finished-at="2023-03-11T08:59:21 IST" duration-ms="3373" status="PASS">
          <reporter-output>
          </reporter-output>
        </test-method> <!-- testPostUser -->
        <test-method signature="testGetUserByName()[pri:2, instance:test.UserTests@e350b40]" started-at="2023-03-11T08:59:21 IST" name="testGetUserByName" finished-at="2023-03-11T08:59:23 IST" duration-ms="1598" status="PASS">
          <reporter-output>
          </reporter-output>
        </test-method> <!-- testGetUserByName -->
        <test-method signature="testUpdateUserByName()[pri:3, instance:test.UserTests@e350b40]" started-at="2023-03-11T08:59:23 IST" name="testUpdateUserByName" finished-at="2023-03-11T08:59:26 IST" duration-ms="3594" status="PASS">
          <reporter-output>
          </reporter-output>
        </test-method> <!-- testUpdateUserByName -->
        <test-method signature="testDeleteUserByName()[pri:4, instance:test.UserTests@e350b40]" started-at="2023-03-11T08:59:26 IST" name="testDeleteUserByName" finished-at="2023-03-11T08:59:28 IST" duration-ms="1735" status="PASS">
          <reporter-output>
          </reporter-output>
        </test-method> <!-- testDeleteUserByName -->
      </class> <!-- test.UserTests -->
      <class name="test.StoreTests">
        <test-method is-config="true" signature="setData()[pri:0, instance:test.StoreTests@1c7696c6]" started-at="2023-03-11T08:59:28 IST" name="setData" finished-at="2023-03-11T08:59:28 IST" duration-ms="10" status="PASS">
          <reporter-output>
          </reporter-output>
        </test-method> <!-- setData -->
        <test-method signature="testPostOrder()[pri:0, instance:test.StoreTests@1c7696c6]" started-at="2023-03-11T08:59:28 IST" name="testPostOrder" finished-at="2023-03-11T08:59:30 IST" duration-ms="1837" status="PASS">
          <reporter-output>
          </reporter-output>
        </test-method> <!-- testPostOrder -->
        <test-method signature="testGetOrder()[pri:1, instance:test.StoreTests@1c7696c6]" started-at="2023-03-11T08:59:30 IST" name="testGetOrder" finished-at="2023-03-11T08:59:31 IST" duration-ms="1633" status="PASS">
          <reporter-output>
          </reporter-output>
        </test-method> <!-- testGetOrder -->
        <test-method signature="testDeleteOrder()[pri:2, instance:test.StoreTests@1c7696c6]" started-at="2023-03-11T08:59:31 IST" name="testDeleteOrder" finished-at="2023-03-11T08:59:33 IST" duration-ms="1564" status="PASS">
          <reporter-output>
          </reporter-output>
        </test-method> <!-- testDeleteOrder -->
      </class> <!-- test.StoreTests -->
    </test> <!-- Test -->
  </suite> <!-- Suite -->
</testng-results>
